<?xml version="1.0" encoding="UTF-8"?>
<!-- Generated by org.testng.reporters.JUnitReportReporter -->
<testsuite hostname="DESKTOP-TRKIKQ0" failures="0" tests="1" name="com.magento.softwaretestingboard.tests.EcommerceShoppingFlowTest" time="15.932" errors="0" timestamp="2025-01-04T16:49:19 IST" skipped="0">
  <testcase classname="com.magento.softwaretestingboard.tests.EcommerceShoppingFlowTest" name="registerAccount" time="15.932"/>
  <system-out/>
</testsuite> <!-- com.magento.softwaretestingboard.tests.EcommerceShoppingFlowTest -->
